<?xml version="1.0" encoding="UTF-8"?>
<!-- Generated by org.testng.reporters.JUnitXMLReporter -->
<testsuite hostname="DESKTOP-BROBCQ3" ignored="0" name="Default test" tests="2" failures="0" timestamp="08 Aug 2018 15:07:37 GMT" time="61.329" errors="0">
  <testcase name="createNewContactTest" time="0.0" classname="com.rave.qa.testcases.NewContactPageTest">
    <skipped/>
  </testcase> <!-- createNewContactTest -->
  <testcase name="emptyCreateContactsPopupTest" time="0.113" classname="com.rave.qa.testcases.NewContactPageTest"/>
</testsuite> <!-- Default test -->
