<?xml version="1.0" encoding="UTF-8"?>
<!-- Generated by org.testng.reporters.JUnitXMLReporter -->
<testsuite hostname="DESKTOP-BROBCQ3" ignored="0" name="RAVE Test Cases" tests="7" failures="1" timestamp="12 Jul 2018 16:54:59 GMT" time="324.81" errors="0">
  <testcase name="loginTest" time="5.04" classname="com.rave.qa.testcases.LoginPageTest">
    <skipped/>
  </testcase> <!-- loginTest -->
  <testcase name="loginTest" time="5.029" classname="com.rave.qa.testcases.LoginPageTest">
    <skipped/>
  </testcase> <!-- loginTest -->
  <testcase name="loginTest" time="10.784" classname="com.rave.qa.testcases.LoginPageTest"/>
  <testcase name="validateLoginPageTitle" time="0.017" classname="com.rave.qa.testcases.LoginPageTest">
    <skipped/>
  </testcase> <!-- validateLoginPageTitle -->
  <testcase name="validateLoginPageTitle" time="0.013" classname="com.rave.qa.testcases.LoginPageTest">
    <skipped/>
  </testcase> <!-- validateLoginPageTitle -->
  <testcase name="validateLoginPageTitle" time="0.029" classname="com.rave.qa.testcases.LoginPageTest">
    <skipped/>
  </testcase> <!-- validateLoginPageTitle -->
  <testcase name="validateLoginPageTitle" time="0.025" classname="com.rave.qa.testcases.LoginPageTest">
    <failure type="java.lang.AssertionError" message="expected [Free CRM software in the cloud powers sales and customer service1] but found [Free CRM software in the cloud powers sales and customer service]">
      <![CDATA[java.lang.AssertionError: expected [Free CRM software in the cloud powers sales and customer service1] but found [Free CRM software in the cloud powers sales and customer service]
at com.rave.qa.testcases.LoginPageTest.validateLoginPageTitle(LoginPageTest.java:37)
... Removed 31 stack frames]]>
    </failure>
  </testcase> <!-- validateLoginPageTitle -->
</testsuite> <!-- RAVE Test Cases -->
